<?xml version="1.0" encoding="UTF-8"?>
<!-- Generated by org.testng.reporters.JUnitXMLReporter -->
<testsuite ignored="0" hostname="L-INE-BN1LLW2" failures="0" tests="6" name="Default test" time="19.185" errors="0" timestamp="2024-04-07T19:26:21 IST">
  <testcase classname="com.demo.DemoWebShop" name="loginDetails" time="5.059"/>
  <testcase classname="com.demo.DemoWebShop" name="AssertTheId" time="0.044"/>
  <testcase classname="com.demo.DemoWebShop" name="Computer" time="3.393"/>
  <testcase classname="com.demo.DemoWebShop" name="Cart" time="3.156"/>
  <testcase classname="com.demo.DemoWebShop" name="Clothes" time="6.065"/>
  <testcase classname="com.demo.DemoWebShop" name="Verify" time="1.347"/>
</testsuite> <!-- Default test -->
