<?xml version="1.0" encoding="UTF-8"?>
<testng-results ignored="0" total="6" passed="6" failed="0" skipped="0">
  <reporter-output>
  </reporter-output>
  <suite started-at="2024-04-07T19:26:02 IST" name="Default suite" finished-at="2024-04-07T19:26:21 IST" duration-ms="19185">
    <groups>
    </groups>
    <test started-at="2024-04-07T19:26:02 IST" name="Default test" finished-at="2024-04-07T19:26:21 IST" duration-ms="19185">
      <class name="com.demo.DemoWebShop">
        <test-method signature="loginDetails()[pri:0, instance:com.demo.DemoWebShop@6cf31447]" started-at="2024-04-07T19:26:02 IST" name="loginDetails" finished-at="2024-04-07T19:26:07 IST" duration-ms="5059" status="PASS">
          <reporter-output>
          </reporter-output>
        </test-method> <!-- loginDetails -->
        <test-method signature="AssertTheId()[pri:1, instance:com.demo.DemoWebShop@6cf31447]" started-at="2024-04-07T19:26:07 IST" name="AssertTheId" finished-at="2024-04-07T19:26:07 IST" depends-on-methods="com.demo.DemoWebShop.loginDetails" duration-ms="44" status="PASS">
          <reporter-output>
          </reporter-output>
        </test-method> <!-- AssertTheId -->
        <test-method signature="Computer()[pri:2, instance:com.demo.DemoWebShop@6cf31447]" started-at="2024-04-07T19:26:07 IST" name="Computer" finished-at="2024-04-07T19:26:10 IST" depends-on-methods="com.demo.DemoWebShop.loginDetails, com.demo.DemoWebShop.AssertTheId" duration-ms="3393" status="PASS">
          <reporter-output>
          </reporter-output>
        </test-method> <!-- Computer -->
        <test-method signature="Cart()[pri:0, instance:com.demo.DemoWebShop@6cf31447]" started-at="2024-04-07T19:26:10 IST" name="Cart" finished-at="2024-04-07T19:26:14 IST" depends-on-methods="com.demo.DemoWebShop.loginDetails, com.demo.DemoWebShop.Computer, com.demo.DemoWebShop.AssertTheId" duration-ms="3156" status="PASS">
          <reporter-output>
          </reporter-output>
        </test-method> <!-- Cart -->
        <test-method signature="Clothes()[pri:0, instance:com.demo.DemoWebShop@6cf31447]" started-at="2024-04-07T19:26:14 IST" name="Clothes" finished-at="2024-04-07T19:26:20 IST" depends-on-methods="com.demo.DemoWebShop.loginDetails, com.demo.DemoWebShop.Computer, com.demo.DemoWebShop.AssertTheId, com.demo.DemoWebShop.Cart" duration-ms="6065" status="PASS">
          <reporter-output>
          </reporter-output>
        </test-method> <!-- Clothes -->
        <test-method signature="Verify()[pri:0, instance:com.demo.DemoWebShop@6cf31447]" started-at="2024-04-07T19:26:20 IST" name="Verify" finished-at="2024-04-07T19:26:21 IST" depends-on-methods="com.demo.DemoWebShop.Clothes, com.demo.DemoWebShop.Computer, com.demo.DemoWebShop.AssertTheId, loginDetails,, com.demo.DemoWebShop.Cart" duration-ms="1347" status="PASS">
          <reporter-output>
          </reporter-output>
        </test-method> <!-- Verify -->
      </class> <!-- com.demo.DemoWebShop -->
    </test> <!-- Default test -->
  </suite> <!-- Default suite -->
</testng-results>
