<?xml version="1.0" encoding="UTF-8"?>
<testng-results ignored="0" total="1" passed="1" failed="0" skipped="0">
  <reporter-output>
  </reporter-output>
  <suite started-at="2024-01-22T17:30:37 IST" name="Default suite" finished-at="2024-01-22T17:30:38 IST" duration-ms="626">
    <groups>
    </groups>
    <test started-at="2024-01-22T17:30:37 IST" name="Default test" finished-at="2024-01-22T17:30:38 IST" duration-ms="626">
      <class name="extentReports.Extenteports01">
        <test-method is-config="true" signature="f()[pri:0, instance:extentReports.Extenteports01@6e9a5ed8]" started-at="2024-01-22T17:30:37 IST" name="f" finished-at="2024-01-22T17:30:38 IST" duration-ms="579" status="PASS">
          <reporter-output>
          </reporter-output>
        </test-method> <!-- f -->
        <test-method signature="f1()[pri:0, instance:extentReports.Extenteports01@6e9a5ed8]" started-at="2024-01-22T17:30:38 IST" name="f1" finished-at="2024-01-22T17:30:38 IST" duration-ms="4" status="PASS">
          <reporter-output>
          </reporter-output>
        </test-method> <!-- f1 -->
      </class> <!-- extentReports.Extenteports01 -->
    </test> <!-- Default test -->
  </suite> <!-- Default suite -->
</testng-results>
